ERROR [org.apache.jsp.WEB_002dINF.views.framework.panic_jsp] HTTP GET /Acme-Planner/WEB-INF/views/framework/page.jsp HTTP/1.1
ERROR [org.apache.jsp.WEB_002dINF.views.framework.panic_jsp] Status: 404
ERROR [org.apache.jsp.WEB_002dINF.views.framework.panic_jsp] HTTP GET /Acme-Planner/WEB-INF/views/framework/page.jsp HTTP/1.1
ERROR [org.apache.jsp.WEB_002dINF.views.framework.panic_jsp] Status: 404
ERROR [org.apache.jsp.WEB_002dINF.views.framework.panic_jsp] HTTP GET /Acme-Planner/WEB-INF/views/framework/page.jsp HTTP/1.1
ERROR [org.apache.jsp.WEB_002dINF.views.framework.panic_jsp] Status: 404
ERROR [org.apache.jsp.WEB_002dINF.views.framework.panic_jsp] HTTP GET /Acme-Planner/WEB-INF/views/framework/page.jsp HTTP/1.1
ERROR [org.apache.jsp.WEB_002dINF.views.framework.panic_jsp] Status: 404
ERROR [org.apache.jsp.WEB_002dINF.views.framework.panic_jsp] HTTP GET /Acme-Planner/WEB-INF/views/framework/page.jsp HTTP/1.1
ERROR [org.apache.jsp.WEB_002dINF.views.framework.panic_jsp] Status: 500
ERROR [org.apache.jsp.WEB_002dINF.views.framework.panic_jsp] Exception: acme.framework.helpers.Assert.state(Assert.java:45): Access is not authorised
ERROR [org.apache.jsp.WEB_002dINF.views.framework.panic_jsp] HTTP GET /Acme-Planner/WEB-INF/views/framework/page.jsp HTTP/1.1
ERROR [org.apache.jsp.WEB_002dINF.views.framework.panic_jsp] Status: 500
ERROR [org.apache.jsp.WEB_002dINF.views.framework.panic_jsp] Exception: acme.framework.helpers.Assert.state(Assert.java:45): Access is not authorised
WARN [org.springframework.boot.web.servlet.context.AnnotationConfigServletWebServerApplicationContext] Exception encountered during context initialization - cancelling refresh attempt: org.springframework.context.ApplicationContextException: Failed to start bean 'webServerStartStop'; nested exception is org.springframework.boot.web.server.PortInUseException: Port 8080 is already in use
ERROR [org.springframework.boot.diagnostics.LoggingFailureAnalysisReporter] ***************************
APPLICATION FAILED TO START
***************************
Description:
Web server failed to start. Port 8080 was already in use.
Action:
Identify and stop the process that's listening on port 8080 or configure this application to listen on another port.
WARN [org.springframework.boot.web.servlet.context.AnnotationConfigServletWebServerApplicationContext] Exception encountered during context initialization - cancelling refresh attempt: org.springframework.context.ApplicationContextException: Failed to start bean 'webServerStartStop'; nested exception is org.springframework.boot.web.server.PortInUseException: Port 8080 is already in use
ERROR [org.springframework.boot.diagnostics.LoggingFailureAnalysisReporter] ***************************
APPLICATION FAILED TO START
***************************
Description:
Web server failed to start. Port 8080 was already in use.
Action:
Identify and stop the process that's listening on port 8080 or configure this application to listen on another port.
ERROR [org.apache.catalina.core.ContainerBase.[Tomcat].[localhost].[/Acme-Planner].[jsp]] at org.apache.jasper.servlet.JspServlet.handleMissingResource(JspServlet.java:406): JSP file [&#47;WEB-INF&#47;views&#47;administrator&#47;spam-word&#47;list.jsp] not found
ERROR [org.apache.catalina.core.ContainerBase.[Tomcat].[localhost].[/Acme-Planner].[jsp]] at org.apache.tiles.request.servlet.ServletUtil.wrapServletException(ServletUtil.java:63): JSPException including path '../administrator/spam-word/list.jsp'.
at org.apache.jasper.servlet.JspServlet.handleMissingResource(JspServlet.java:406): JSP file [&#47;WEB-INF&#47;views&#47;administrator&#47;spam-word&#47;list.jsp] not found
ERROR [org.apache.catalina.core.ContainerBase.[Tomcat].[localhost].[/Acme-Planner].[dispatcherServlet]] at org.apache.jasper.servlet.JspServlet.handleMissingResource(JspServlet.java:406): JSP file [&#47;WEB-INF&#47;views&#47;administrator&#47;spam-word&#47;list.jsp] not found
ERROR [org.apache.jsp.WEB_002dINF.views.framework.panic_jsp] HTTP GET /Acme-Planner/master/panic HTTP/1.1
ERROR [org.apache.jsp.WEB_002dINF.views.framework.panic_jsp] Status: 500
ERROR [org.apache.jsp.WEB_002dINF.views.framework.panic_jsp] Exception: org.springframework.web.servlet.FrameworkServlet.processRequest(FrameworkServlet.java:1014): Request processing failed; nested exception is org.apache.tiles.request.render.CannotRenderException: JSPException including path '../administrator/spam-word/list.jsp'.
org.apache.tiles.impl.BasicTilesContainer.render(BasicTilesContainer.java:399): JSPException including path '../administrator/spam-word/list.jsp'.
org.apache.tiles.request.servlet.ServletUtil.wrapServletException(ServletUtil.java:63): JSPException including path '../administrator/spam-word/list.jsp'.
org.apache.jasper.servlet.JspServlet.handleMissingResource(JspServlet.java:406): JSP file [&#47;WEB-INF&#47;views&#47;administrator&#47;spam-word&#47;list.jsp] not found
ERROR [org.apache.jsp.WEB_002dINF.views.framework.panic_jsp] HTTP GET /Acme-Planner/WEB-INF/views/framework/page.jsp HTTP/1.1
ERROR [org.apache.jsp.WEB_002dINF.views.framework.panic_jsp] Status: 500
ERROR [org.apache.jsp.WEB_002dINF.views.framework.panic_jsp] Exception: acme.framework.helpers.Assert.state(Assert.java:45): Access is not authorised
ERROR [org.apache.catalina.core.ContainerBase.[Tomcat].[localhost].[/Acme-Planner].[jsp]] at org.apache.jasper.servlet.JspServlet.handleMissingResource(JspServlet.java:406): JSP file [&#47;WEB-INF&#47;views&#47;administrator&#47;spam-word&#47;list.jsp] not found
ERROR [org.apache.catalina.core.ContainerBase.[Tomcat].[localhost].[/Acme-Planner].[jsp]] at org.apache.tiles.request.servlet.ServletUtil.wrapServletException(ServletUtil.java:63): JSPException including path '../administrator/spam-word/list.jsp'.
at org.apache.jasper.servlet.JspServlet.handleMissingResource(JspServlet.java:406): JSP file [&#47;WEB-INF&#47;views&#47;administrator&#47;spam-word&#47;list.jsp] not found
ERROR [org.apache.catalina.core.ContainerBase.[Tomcat].[localhost].[/Acme-Planner].[dispatcherServlet]] at org.apache.jasper.servlet.JspServlet.handleMissingResource(JspServlet.java:406): JSP file [&#47;WEB-INF&#47;views&#47;administrator&#47;spam-word&#47;list.jsp] not found
ERROR [org.apache.jsp.WEB_002dINF.views.framework.panic_jsp] HTTP GET /Acme-Planner/master/panic HTTP/1.1
ERROR [org.apache.jsp.WEB_002dINF.views.framework.panic_jsp] Status: 500
ERROR [org.apache.jsp.WEB_002dINF.views.framework.panic_jsp] Exception: org.springframework.web.servlet.FrameworkServlet.processRequest(FrameworkServlet.java:1014): Request processing failed; nested exception is org.apache.tiles.request.render.CannotRenderException: JSPException including path '../administrator/spam-word/list.jsp'.
org.apache.tiles.impl.BasicTilesContainer.render(BasicTilesContainer.java:399): JSPException including path '../administrator/spam-word/list.jsp'.
org.apache.tiles.request.servlet.ServletUtil.wrapServletException(ServletUtil.java:63): JSPException including path '../administrator/spam-word/list.jsp'.
org.apache.jasper.servlet.JspServlet.handleMissingResource(JspServlet.java:406): JSP file [&#47;WEB-INF&#47;views&#47;administrator&#47;spam-word&#47;list.jsp] not found
ERROR [org.apache.jsp.WEB_002dINF.views.framework.panic_jsp] HTTP GET /Acme-Planner/WEB-INF/views/framework/page.jsp HTTP/1.1
ERROR [org.apache.jsp.WEB_002dINF.views.framework.panic_jsp] Status: 500
ERROR [org.apache.jsp.WEB_002dINF.views.framework.panic_jsp] Exception: acme.framework.helpers.Assert.state(Assert.java:45): Access is not authorised
ERROR [org.apache.jsp.WEB_002dINF.views.framework.panic_jsp] HTTP GET /Acme-Planner/WEB-INF/views/framework/page.jsp HTTP/1.1
ERROR [org.apache.jsp.WEB_002dINF.views.framework.panic_jsp] Status: 500
ERROR [org.apache.jsp.WEB_002dINF.views.framework.panic_jsp] Exception: acme.framework.helpers.Assert.state(Assert.java:45): Access is not authorised
ERROR [org.apache.jsp.WEB_002dINF.views.framework.panic_jsp] HTTP GET /Acme-Planner/WEB-INF/views/framework/page.jsp HTTP/1.1
ERROR [org.apache.jsp.WEB_002dINF.views.framework.panic_jsp] Status: 500
ERROR [org.apache.jsp.WEB_002dINF.views.framework.panic_jsp] Exception: acme.framework.helpers.Assert.state(Assert.java:45): Access is not authorised
ERROR [org.apache.jsp.WEB_002dINF.views.framework.panic_jsp] HTTP GET /Acme-Planner/WEB-INF/views/framework/page.jsp HTTP/1.1
ERROR [org.apache.jsp.WEB_002dINF.views.framework.panic_jsp] Status: 500
ERROR [org.apache.jsp.WEB_002dINF.views.framework.panic_jsp] Exception: acme.framework.helpers.Assert.state(Assert.java:45): Access is not authorised
ERROR [org.apache.catalina.core.ContainerBase.[Tomcat].[localhost].[/Acme-Planner].[dispatcherServlet]] at acme.framework.utilities.RememberMeLogoutHandler.logout(RememberMeLogoutHandler.java:31): java.lang.AssertionError
ERROR [org.apache.jsp.WEB_002dINF.views.framework.panic_jsp] HTTP GET /Acme-Planner/WEB-INF/views/framework/page.jsp HTTP/1.1
ERROR [org.apache.jsp.WEB_002dINF.views.framework.panic_jsp] Status: 500
ERROR [org.apache.jsp.WEB_002dINF.views.framework.panic_jsp] Exception: org.apache.catalina.core.ApplicationFilterChain.internalDoFilter(ApplicationFilterChain.java:200): Filter execution threw an exception
java.lang.AssertionError
ERROR [org.apache.jsp.WEB_002dINF.views.framework.panic_jsp] HTTP GET /Acme-Planner/WEB-INF/views/framework/page.jsp HTTP/1.1
ERROR [org.apache.jsp.WEB_002dINF.views.framework.panic_jsp] Status: 500
ERROR [org.apache.jsp.WEB_002dINF.views.framework.panic_jsp] Exception: acme.framework.helpers.Assert.state(Assert.java:45): Access is not authorised
ERROR [org.apache.jsp.WEB_002dINF.views.framework.panic_jsp] HTTP GET /Acme-Planner/WEB-INF/views/framework/page.jsp HTTP/1.1
ERROR [org.apache.jsp.WEB_002dINF.views.framework.panic_jsp] Status: 500
ERROR [org.apache.jsp.WEB_002dINF.views.framework.panic_jsp] Exception: acme.framework.helpers.Assert.state(Assert.java:45): Access is not authorised
ERROR [org.apache.jsp.WEB_002dINF.views.framework.panic_jsp] HTTP GET /Acme-Planner/WEB-INF/views/framework/page.jsp HTTP/1.1
ERROR [org.apache.jsp.WEB_002dINF.views.framework.panic_jsp] Status: 500
ERROR [org.apache.jsp.WEB_002dINF.views.framework.panic_jsp] Exception: acme.framework.helpers.Assert.state(Assert.java:45): Access is not authorised
WARN [org.springframework.boot.web.servlet.context.AnnotationConfigServletWebServerApplicationContext] Exception encountered during context initialization - cancelling refresh attempt: org.springframework.beans.factory.UnsatisfiedDependencyException: Error creating bean with name 'administratorSpamWordController': Unsatisfied dependency expressed through field 'updateService'; nested exception is org.springframework.beans.factory.NoSuchBeanDefinitionException: No qualifying bean of type 'acme.features.administrator.spamWord.AdministratorSpamWordUpdateService' available: expected at least 1 bean which qualifies as autowire candidate. Dependency annotations: {@org.springframework.beans.factory.annotation.Autowired(required=true)}
ERROR [org.springframework.boot.diagnostics.LoggingFailureAnalysisReporter] ***************************
APPLICATION FAILED TO START
***************************
Description:
Field updateService in acme.features.administrator.spamWord.AdministratorSpamWordController required a bean of type 'acme.features.administrator.spamWord.AdministratorSpamWordUpdateService' that could not be found.
The injection point has the following annotations:
- @org.springframework.beans.factory.annotation.Autowired(required=true)
Action:
Consider defining a bean of type 'acme.features.administrator.spamWord.AdministratorSpamWordUpdateService' in your configuration.
ERROR [org.apache.jsp.WEB_002dINF.views.framework.panic_jsp] HTTP POST /Acme-Planner/WEB-INF/views/framework/page.jsp HTTP/1.1
ERROR [org.apache.jsp.WEB_002dINF.views.framework.panic_jsp] Status: 500
ERROR [org.apache.jsp.WEB_002dINF.views.framework.panic_jsp] Exception: acme.framework.helpers.Assert.state(Assert.java:45): Access is not authorised
ERROR [org.springframework.orm.jpa.LocalContainerEntityManagerFactoryBean] Failed to initialize JPA EntityManagerFactory: [PersistenceUnit: default] Unable to build Hibernate SessionFactory; nested exception is org.hibernate.tool.schema.spi.SchemaManagementException: Schema-validation: missing column [threshold] in table [spam_word]
WARN [org.springframework.boot.web.servlet.context.AnnotationConfigServletWebServerApplicationContext] Exception encountered during context initialization - cancelling refresh attempt: org.springframework.beans.factory.BeanCreationException: Error creating bean with name 'entityManagerFactory' defined in class path resource [org/springframework/boot/autoconfigure/orm/jpa/HibernateJpaConfiguration.class]: Invocation of init method failed; nested exception is javax.persistence.PersistenceException: [PersistenceUnit: default] Unable to build Hibernate SessionFactory; nested exception is org.hibernate.tool.schema.spi.SchemaManagementException: Schema-validation: missing column [threshold] in table [spam_word]
ERROR [org.springframework.boot.SpringApplication] at org.springframework.beans.factory.support.AbstractAutowireCapableBeanFactory.initializeBean(AbstractAutowireCapableBeanFactory.java:1788): Error creating bean with name 'entityManagerFactory' defined in class path resource [org/springframework/boot/autoconfigure/orm/jpa/HibernateJpaConfiguration.class]: Invocation of init method failed; nested exception is javax.persistence.PersistenceException: [PersistenceUnit: default] Unable to build Hibernate SessionFactory; nested exception is org.hibernate.tool.schema.spi.SchemaManagementException: Schema-validation: missing column [threshold] in table [spam_word]
at org.springframework.orm.jpa.AbstractEntityManagerFactoryBean.buildNativeEntityManagerFactory(AbstractEntityManagerFactoryBean.java:421): [PersistenceUnit: default] Unable to build Hibernate SessionFactory; nested exception is org.hibernate.tool.schema.spi.SchemaManagementException: Schema-validation: missing column [threshold] in table [spam_word]
at org.hibernate.tool.schema.internal.AbstractSchemaValidator.validateTable(AbstractSchemaValidator.java:136): Schema-validation: missing column [threshold] in table [spam_word]
INFO [acme.Launcher] Starting Launcher using Java 1.8.0_281 on LAPTOP-2N5E111J with PID 12076 (C:\Users\almaf\git\Acme-Planner\target\classes started by almaf in C:\Users\almaf\git\Acme-Planner)
INFO [acme.Launcher] The following profiles are active: development,populator
INFO [acme.Launcher] Started Launcher in 19.035 seconds (JVM running for 20.623)
INFO [acme.framework.utilities.DatabasePopulator] Populating initial data
INFO [acme.framework.utilities.DatabasePopulator] Recreating schema
INFO [acme.framework.utilities.DatabasePopulator] Populating entities from classpath:/WEB-INF/population/initial-data.xml
INFO [acme.framework.utilities.DatabasePopulator] Validating your entities.
INFO [acme.framework.utilities.DatabasePopulator] Validating anonymousUserAccount ... PASS
INFO [acme.framework.utilities.DatabasePopulator] Validating anonymousAnonymous ... PASS
INFO [acme.framework.utilities.DatabasePopulator] Validating administratorUserAccount ... PASS
INFO [acme.framework.utilities.DatabasePopulator] Validating administratorAdministrator ... PASS
INFO [acme.framework.utilities.DatabasePopulator] Validating administratorAuthenticated ... PASS
INFO [acme.framework.utilities.DatabasePopulator] Sorting your entities topologically.
INFO [acme.framework.utilities.DatabasePopulator] > Setting index 0 for anonymousUserAccount.
INFO [acme.framework.utilities.DatabasePopulator] > Setting index 1 for anonymousAnonymous.
INFO [acme.framework.utilities.DatabasePopulator] > Setting index 2 for administratorUserAccount.
INFO [acme.framework.utilities.DatabasePopulator] > Setting index 3 for administratorAdministrator.
INFO [acme.framework.utilities.DatabasePopulator] > Setting index 4 for administratorAuthenticated.
INFO [acme.framework.utilities.DatabasePopulator] Persiting your entities.
INFO [acme.framework.utilities.DatabasePopulator] > Persisting anonymousUserAccount = acme.framework.entities.UserAccount{id=1, version=0}
INFO [acme.framework.utilities.DatabasePopulator] > Persisting anonymousAnonymous = acme.framework.entities.Anonymous{id=2, version=0}
INFO [acme.framework.utilities.DatabasePopulator] > Persisting administratorUserAccount = acme.framework.entities.UserAccount{id=3, version=0}
INFO [acme.framework.utilities.DatabasePopulator] > Persisting administratorAdministrator = acme.framework.entities.Administrator{id=4, version=0}
INFO [acme.framework.utilities.DatabasePopulator] > Persisting administratorAuthenticated = acme.framework.entities.Authenticated{id=5, version=0}
INFO [acme.framework.configuration.ShutdownConfiguration] The system is shutting down...
INFO [acme.Launcher] Starting Launcher using Java 1.8.0_281 on LAPTOP-2N5E111J with PID 21652 (C:\Users\almaf\git\Acme-Planner\target\classes started by almaf in C:\Users\almaf\git\Acme-Planner)
INFO [acme.Launcher] The following profiles are active: development,populator
INFO [acme.Launcher] Started Launcher in 16.566 seconds (JVM running for 18.055)
INFO [acme.framework.utilities.DatabasePopulator] Populating sample data
INFO [acme.framework.utilities.DatabasePopulator] Recreating schema
INFO [acme.framework.utilities.DatabasePopulator] Populating entities from classpath:/WEB-INF/population/initial-data.xml
INFO [acme.framework.utilities.DatabasePopulator] Validating your entities.
INFO [acme.framework.utilities.DatabasePopulator] Validating anonymousUserAccount ... PASS
INFO [acme.framework.utilities.DatabasePopulator] Validating anonymousAnonymous ... PASS
INFO [acme.framework.utilities.DatabasePopulator] Validating administratorUserAccount ... PASS
INFO [acme.framework.utilities.DatabasePopulator] Validating administratorAdministrator ... PASS
INFO [acme.framework.utilities.DatabasePopulator] Validating administratorAuthenticated ... PASS
INFO [acme.framework.utilities.DatabasePopulator] Sorting your entities topologically.
INFO [acme.framework.utilities.DatabasePopulator] > Setting index 0 for anonymousUserAccount.
INFO [acme.framework.utilities.DatabasePopulator] > Setting index 1 for anonymousAnonymous.
INFO [acme.framework.utilities.DatabasePopulator] > Setting index 2 for administratorUserAccount.
INFO [acme.framework.utilities.DatabasePopulator] > Setting index 3 for administratorAdministrator.
INFO [acme.framework.utilities.DatabasePopulator] > Setting index 4 for administratorAuthenticated.
INFO [acme.framework.utilities.DatabasePopulator] Persiting your entities.
INFO [acme.framework.utilities.DatabasePopulator] > Persisting anonymousUserAccount = acme.framework.entities.UserAccount{id=1, version=0}
INFO [acme.framework.utilities.DatabasePopulator] > Persisting anonymousAnonymous = acme.framework.entities.Anonymous{id=2, version=0}
INFO [acme.framework.utilities.DatabasePopulator] > Persisting administratorUserAccount = acme.framework.entities.UserAccount{id=3, version=0}
INFO [acme.framework.utilities.DatabasePopulator] > Persisting administratorAdministrator = acme.framework.entities.Administrator{id=4, version=0}
INFO [acme.framework.utilities.DatabasePopulator] > Persisting administratorAuthenticated = acme.framework.entities.Authenticated{id=5, version=0}
INFO [acme.framework.utilities.DatabasePopulator] Populating entities from classpath:/WEB-INF/population/sample-data.xml
INFO [acme.framework.utilities.DatabasePopulator] Validating your entities.
INFO [acme.framework.utilities.DatabasePopulator] Validating spamWord01 ... PASS
INFO [acme.framework.utilities.DatabasePopulator] Validating spamWord02 ... PASS
INFO [acme.framework.utilities.DatabasePopulator] Validating spamWord03 ... PASS
INFO [acme.framework.utilities.DatabasePopulator] Validating spamWord04 ... PASS
INFO [acme.framework.utilities.DatabasePopulator] Validating spamWord05 ... PASS
INFO [acme.framework.utilities.DatabasePopulator] Validating spamWord06 ... PASS
INFO [acme.framework.utilities.DatabasePopulator] Validating spamWord07 ... PASS
INFO [acme.framework.utilities.DatabasePopulator] Validating spamWord08 ... PASS
INFO [acme.framework.utilities.DatabasePopulator] Validating spamWord09 ... PASS
INFO [acme.framework.utilities.DatabasePopulator] Validating spamWord10 ... PASS
INFO [acme.framework.utilities.DatabasePopulator] Validating spamWord11 ... PASS
INFO [acme.framework.utilities.DatabasePopulator] Validating spamWord12 ... PASS
INFO [acme.framework.utilities.DatabasePopulator] Validating spamWord13 ... PASS
INFO [acme.framework.utilities.DatabasePopulator] Validating spamWord14 ... PASS
INFO [acme.framework.utilities.DatabasePopulator] Validating spamWord15 ... PASS
INFO [acme.framework.utilities.DatabasePopulator] Validating spamWord16 ... PASS
INFO [acme.framework.utilities.DatabasePopulator] Validating task01 ... PASS
INFO [acme.framework.utilities.DatabasePopulator] Validating task02 ... PASS
INFO [acme.framework.utilities.DatabasePopulator] Validating task03 ... PASS
INFO [acme.framework.utilities.DatabasePopulator] Validating task04 ... PASS
INFO [acme.framework.utilities.DatabasePopulator] Sorting your entities topologically.
INFO [acme.framework.utilities.DatabasePopulator] > Setting index 0 for spamWord01.
INFO [acme.framework.utilities.DatabasePopulator] > Setting index 1 for spamWord02.
INFO [acme.framework.utilities.DatabasePopulator] > Setting index 2 for spamWord03.
INFO [acme.framework.utilities.DatabasePopulator] > Setting index 3 for spamWord04.
INFO [acme.framework.utilities.DatabasePopulator] > Setting index 4 for spamWord05.
INFO [acme.framework.utilities.DatabasePopulator] > Setting index 5 for spamWord06.
INFO [acme.framework.utilities.DatabasePopulator] > Setting index 6 for spamWord07.
INFO [acme.framework.utilities.DatabasePopulator] > Setting index 7 for spamWord08.
INFO [acme.framework.utilities.DatabasePopulator] > Setting index 8 for spamWord09.
INFO [acme.framework.utilities.DatabasePopulator] > Setting index 9 for spamWord10.
INFO [acme.framework.utilities.DatabasePopulator] > Setting index 10 for spamWord11.
INFO [acme.framework.utilities.DatabasePopulator] > Setting index 11 for spamWord12.
INFO [acme.framework.utilities.DatabasePopulator] > Setting index 12 for spamWord13.
INFO [acme.framework.utilities.DatabasePopulator] > Setting index 13 for spamWord14.
INFO [acme.framework.utilities.DatabasePopulator] > Setting index 14 for spamWord15.
INFO [acme.framework.utilities.DatabasePopulator] > Setting index 15 for spamWord16.
INFO [acme.framework.utilities.DatabasePopulator] > Setting index 16 for task01.
INFO [acme.framework.utilities.DatabasePopulator] > Setting index 17 for task02.
INFO [acme.framework.utilities.DatabasePopulator] > Setting index 18 for task03.
INFO [acme.framework.utilities.DatabasePopulator] > Setting index 19 for task04.
INFO [acme.framework.utilities.DatabasePopulator] Persiting your entities.
INFO [acme.framework.utilities.DatabasePopulator] > Persisting spamWord01 = SpamWord [word=sex]
INFO [acme.framework.utilities.DatabasePopulator] > Persisting spamWord02 = SpamWord [word=sexo]
INFO [acme.framework.utilities.DatabasePopulator] > Persisting spamWord03 = SpamWord [word=hard core]
INFO [acme.framework.utilities.DatabasePopulator] > Persisting spamWord04 = SpamWord [word=fuerza bruta]
INFO [acme.framework.utilities.DatabasePopulator] > Persisting spamWord05 = SpamWord [word=viagra]
INFO [acme.framework.utilities.DatabasePopulator] > Persisting spamWord06 = SpamWord [word=viagra]
INFO [acme.framework.utilities.DatabasePopulator] > Persisting spamWord07 = SpamWord [word=cialis]
INFO [acme.framework.utilities.DatabasePopulator] > Persisting spamWord08 = SpamWord [word=cialis]
INFO [acme.framework.utilities.DatabasePopulator] > Persisting spamWord09 = SpamWord [word=nigeria]
INFO [acme.framework.utilities.DatabasePopulator] > Persisting spamWord10 = SpamWord [word=nigeria]
INFO [acme.framework.utilities.DatabasePopulator] > Persisting spamWord11 = SpamWord [word=you've won]
INFO [acme.framework.utilities.DatabasePopulator] > Persisting spamWord12 = SpamWord [word=you have won]
INFO [acme.framework.utilities.DatabasePopulator] > Persisting spamWord13 = SpamWord [word=acabas de ganar]
INFO [acme.framework.utilities.DatabasePopulator] > Persisting spamWord14 = SpamWord [word=has ganado]
INFO [acme.framework.utilities.DatabasePopulator] > Persisting spamWord15 = SpamWord [word=million dollar]
INFO [acme.framework.utilities.DatabasePopulator] > Persisting spamWord16 = SpamWord [word=millon de dolares]
INFO [acme.framework.utilities.DatabasePopulator] > Persisting task01 = Task [title=Tarea numero uno, start=Mon Apr 19 16:05:00 CEST 2021, end=Wed May 19 19:05:00 CEST 2021, workload=25.3, description=Esto es una tarea, isPublic=true, link=https://www.youtube.com/watch?v=nuCIA31LfIU]
INFO [acme.framework.utilities.DatabasePopulator] > Persisting task02 = Task [title=Tarea numero dos, start=Fri Feb 26 11:55:00 CET 2021, end=Sun Apr 17 09:05:00 CEST 2022, workload=30.1, description=Esto es una tarea, isPublic=true, link=https://www.youtube.com/watch?v=nuCIA31LfIU]
INFO [acme.framework.utilities.DatabasePopulator] > Persisting task03 = Task [title=Tarea numero tres, start=Tue Apr 20 13:12:00 CEST 2021, end=Sat May 29 08:11:00 CEST 2021, workload=27.7, description=Esto es una tarea, isPublic=true, link=https://www.youtube.com/watch?v=nuCIA31LfIU]
INFO [acme.framework.utilities.DatabasePopulator] > Persisting task04 = Task [title=Tarea numero cuatro, start=Tue Apr 20 13:12:00 CEST 2021, end=Fri Jan 29 08:11:00 CET 2021, workload=27.7, description=Esto es una tarea, isPublic=false, link=https://www.youtube.com/watch?v=nuCIA31LfIU]
INFO [acme.framework.configuration.ShutdownConfiguration] The system is shutting down...
WARN [org.springframework.boot.web.servlet.context.AnnotationConfigServletWebServerApplicationContext] Exception encountered during context initialization - cancelling refresh attempt: org.springframework.beans.factory.BeanCreationException: Error creating bean with name 'administratorSpamWordController': Invocation of init method failed; nested exception is java.lang.AssertionError
ERROR [org.springframework.boot.SpringApplication] at org.springframework.beans.factory.annotation.InitDestroyAnnotationBeanPostProcessor.postProcessBeforeInitialization(InitDestroyAnnotationBeanPostProcessor.java:160): Error creating bean with name 'administratorSpamWordController': Invocation of init method failed; nested exception is java.lang.AssertionError
at acme.framework.controllers.AbstractController.addBasicCommand(AbstractController.java:117): java.lang.AssertionError
